<?xml version="1.0" encoding="UTF-8" ?>
<testsuite tests="4" failures="0" name="com.company.CustomerTest" time="0.026" errors="0" skipped="0">
  <properties>
[...]
</properties>
  <testcase classname="com.company.CustomerTest" name="test_toString_withPopulatedCharges_string" time="0.026"/>
  <testcase classname="com.company.CustomerTest" name="test_getBalance_populatedCharges_expectSummedCharges" time="0"/>
  <testcase classname="com.company.CustomerTest" name="test_getBalance_emptyCustomerCharges_expect0" time="0"/>
  <testcase classname="com.company.CustomerTest" name="test_toString_emptyCustomerCharges_stringWithZeroBalance" time="0"/>
</testsuite>